INFO 2024-11-17 19:45:57,725 autoreload Watching for file changes with StatReloader
INFO 2024-11-17 19:46:03,163 autoreload /home/daniyal/Documents/Projects/Django/django 2/django2/miniproject2/miniproject2/settings.py changed, reloading.
INFO 2024-11-17 19:46:03,666 autoreload Watching for file changes with StatReloader
INFO 2024-11-17 19:46:15,186 autoreload /home/daniyal/Documents/Projects/Django/django 2/django2/miniproject2/miniproject2/settings.py changed, reloading.
INFO 2024-11-17 19:46:15,654 autoreload Watching for file changes with StatReloader
INFO 2024-11-17 19:46:17,008 autoreload /home/daniyal/Documents/Projects/Django/django 2/django2/miniproject2/miniproject2/settings.py changed, reloading.
INFO 2024-11-18 16:25:37,982 autoreload Watching for file changes with StatReloader
WARNING 2024-11-18 16:25:39,747 log Not Found: /
WARNING 2024-11-18 16:25:39,747 basehttp "GET / HTTP/1.1" 404 3259
WARNING 2024-11-18 16:25:39,925 log Not Found: /favicon.ico
WARNING 2024-11-18 16:25:39,926 basehttp "GET /favicon.ico HTTP/1.1" 404 3310
INFO 2024-11-18 16:25:57,154 autoreload /home/daniyal/Documents/Projects/Django/django 2/django2/miniproject2/miniproject2/urls.py changed, reloading.
INFO 2024-11-18 16:25:57,666 autoreload Watching for file changes with StatReloader
INFO 2024-11-18 16:26:03,149 autoreload /home/daniyal/Documents/Projects/Django/django 2/django2/miniproject2/miniproject2/urls.py changed, reloading.
INFO 2024-11-18 16:26:03,668 autoreload Watching for file changes with StatReloader
INFO 2024-11-18 16:26:37,222 autoreload /home/daniyal/Documents/Projects/Django/django 2/django2/miniproject2/miniproject2/urls.py changed, reloading.
INFO 2024-11-18 16:26:37,767 autoreload Watching for file changes with StatReloader
INFO 2024-11-18 16:27:17,559 autoreload Watching for file changes with StatReloader
WARNING 2024-11-18 16:27:19,344 log Not Found: /
WARNING 2024-11-18 16:27:19,344 basehttp "GET / HTTP/1.1" 404 3259
INFO 2024-11-18 16:27:23,374 basehttp "GET /swagger/ HTTP/1.1" 200 2225
INFO 2024-11-18 16:27:23,422 basehttp "GET /static/drf-yasg/style.css HTTP/1.1" 304 0
INFO 2024-11-18 16:27:23,426 basehttp "GET /static/drf-yasg/swagger-ui-dist/swagger-ui.css HTTP/1.1" 304 0
INFO 2024-11-18 16:27:23,431 basehttp "GET /static/drf-yasg/insQ.min.js HTTP/1.1" 304 0
INFO 2024-11-18 16:27:23,433 basehttp "GET /static/drf-yasg/immutable.min.js HTTP/1.1" 304 0
INFO 2024-11-18 16:27:23,433 basehttp "GET /static/drf-yasg/swagger-ui-dist/swagger-ui-standalone-preset.js HTTP/1.1" 304 0
INFO 2024-11-18 16:27:23,433 basehttp "GET /static/drf-yasg/swagger-ui-init.js HTTP/1.1" 304 0
INFO 2024-11-18 16:27:23,437 basehttp "GET /static/drf-yasg/swagger-ui-dist/swagger-ui-bundle.js HTTP/1.1" 200 1046583
INFO 2024-11-18 16:27:23,762 basehttp "GET /swagger/?format=openapi HTTP/1.1" 200 19204
INFO 2024-11-18 16:28:13,166 autoreload /home/daniyal/Documents/Projects/Django/django 2/django2/miniproject2/miniproject2/urls.py changed, reloading.
INFO 2024-11-18 16:28:13,689 autoreload Watching for file changes with StatReloader
INFO 2024-11-18 16:28:19,128 autoreload /home/daniyal/Documents/Projects/Django/django 2/django2/miniproject2/miniproject2/urls.py changed, reloading.
INFO 2024-11-18 16:28:19,606 autoreload Watching for file changes with StatReloader
INFO 2024-11-18 16:28:29,255 autoreload /home/daniyal/Documents/Projects/Django/django 2/django2/miniproject2/miniproject2/urls.py changed, reloading.
INFO 2024-11-18 16:28:29,734 autoreload Watching for file changes with StatReloader
INFO 2024-11-18 16:28:34,188 autoreload /home/daniyal/Documents/Projects/Django/django 2/django2/miniproject2/miniproject2/urls.py changed, reloading.
INFO 2024-11-18 16:28:34,667 autoreload Watching for file changes with StatReloader
INFO 2024-11-18 16:28:37,032 autoreload /home/daniyal/Documents/Projects/Django/django 2/django2/miniproject2/miniproject2/urls.py changed, reloading.
INFO 2024-11-18 16:28:37,468 autoreload Watching for file changes with StatReloader
INFO 2024-11-18 16:28:59,652 autoreload /home/daniyal/Documents/Projects/Django/django 2/django2/miniproject2/users/urls.py changed, reloading.
INFO 2024-11-18 16:29:00,139 autoreload Watching for file changes with StatReloader
INFO 2024-11-18 16:29:06,637 autoreload /home/daniyal/Documents/Projects/Django/django 2/django2/miniproject2/users/urls.py changed, reloading.
INFO 2024-11-18 16:29:07,105 autoreload Watching for file changes with StatReloader
INFO 2024-11-18 16:32:40,584 autoreload /home/daniyal/Documents/Projects/Django/django 2/django2/miniproject2/users/urls.py changed, reloading.
INFO 2024-11-18 16:32:41,123 autoreload Watching for file changes with StatReloader
INFO 2024-11-18 16:32:43,525 autoreload /home/daniyal/Documents/Projects/Django/django 2/django2/miniproject2/users/urls.py changed, reloading.
INFO 2024-11-18 16:32:43,989 autoreload Watching for file changes with StatReloader
INFO 2024-11-18 16:32:47,407 basehttp "GET /swagger/ HTTP/1.1" 200 2225
INFO 2024-11-18 16:32:47,707 basehttp "GET /static/drf-yasg/swagger-ui-dist/favicon-32x32.png HTTP/1.1" 304 0
INFO 2024-11-18 16:32:47,707 basehttp "GET /swagger/?format=openapi HTTP/1.1" 200 25772
INFO 2024-11-18 16:33:06,312 autoreload /home/daniyal/Documents/Projects/Django/django 2/django2/miniproject2/miniproject2/urls.py changed, reloading.
INFO 2024-11-18 16:33:06,829 autoreload Watching for file changes with StatReloader
INFO 2024-11-18 16:33:13,368 autoreload /home/daniyal/Documents/Projects/Django/django 2/django2/miniproject2/miniproject2/urls.py changed, reloading.
INFO 2024-11-18 16:33:13,888 autoreload Watching for file changes with StatReloader
INFO 2024-11-18 16:33:16,842 basehttp "GET /swagger/ HTTP/1.1" 200 2225
INFO 2024-11-18 16:33:17,140 basehttp "GET /swagger/?format=openapi HTTP/1.1" 200 26008
INFO 2024-11-18 16:33:34,038 autoreload /home/daniyal/Documents/Projects/Django/django 2/django2/miniproject2/miniproject2/urls.py changed, reloading.
INFO 2024-11-18 16:33:34,529 autoreload Watching for file changes with StatReloader
INFO 2024-11-18 16:33:35,980 autoreload /home/daniyal/Documents/Projects/Django/django 2/django2/miniproject2/miniproject2/urls.py changed, reloading.
INFO 2024-11-18 16:33:36,469 autoreload Watching for file changes with StatReloader
INFO 2024-11-18 16:33:37,927 autoreload /home/daniyal/Documents/Projects/Django/django 2/django2/miniproject2/miniproject2/urls.py changed, reloading.
INFO 2024-11-18 16:33:38,417 autoreload Watching for file changes with StatReloader
INFO 2024-11-18 16:33:40,877 basehttp "GET /swagger/ HTTP/1.1" 200 2225
INFO 2024-11-18 16:33:41,176 basehttp "GET /swagger/?format=openapi HTTP/1.1" 200 25822
INFO 2024-11-18 16:33:49,327 autoreload /home/daniyal/Documents/Projects/Django/django 2/django2/miniproject2/miniproject2/urls.py changed, reloading.
INFO 2024-11-18 16:33:49,854 autoreload Watching for file changes with StatReloader
INFO 2024-11-18 16:34:20,014 autoreload /home/daniyal/Documents/Projects/Django/django 2/django2/miniproject2/users/urls.py changed, reloading.
INFO 2024-11-18 16:34:20,538 autoreload Watching for file changes with StatReloader
INFO 2024-11-18 16:38:46,432 basehttp "GET /swagger/ HTTP/1.1" 200 2225
INFO 2024-11-18 16:38:46,693 basehttp "GET /swagger/?format=openapi HTTP/1.1" 200 25772
INFO 2024-11-18 16:38:59,053 autoreload /home/daniyal/Documents/Projects/Django/django 2/django2/miniproject2/users/urls.py changed, reloading.
INFO 2024-11-18 16:38:59,570 autoreload Watching for file changes with StatReloader
INFO 2024-11-18 16:39:00,979 autoreload /home/daniyal/Documents/Projects/Django/django 2/django2/miniproject2/users/urls.py changed, reloading.
INFO 2024-11-18 16:39:01,452 autoreload Watching for file changes with StatReloader
INFO 2024-11-18 16:39:05,937 autoreload /home/daniyal/Documents/Projects/Django/django 2/django2/miniproject2/users/urls.py changed, reloading.
INFO 2024-11-18 16:39:06,453 autoreload Watching for file changes with StatReloader
INFO 2024-11-18 16:39:07,899 autoreload /home/daniyal/Documents/Projects/Django/django 2/django2/miniproject2/users/urls.py changed, reloading.
INFO 2024-11-18 16:39:08,396 autoreload Watching for file changes with StatReloader
INFO 2024-11-18 16:39:09,234 basehttp "GET /swagger/ HTTP/1.1" 200 2225
INFO 2024-11-18 16:39:09,581 basehttp "GET /swagger/?format=openapi HTTP/1.1" 200 25890
INFO 2024-11-18 16:39:30,362 autoreload /home/daniyal/Documents/Projects/Django/django 2/django2/miniproject2/users/urls.py changed, reloading.
INFO 2024-11-18 16:39:30,882 autoreload Watching for file changes with StatReloader
INFO 2024-11-18 16:39:32,314 autoreload /home/daniyal/Documents/Projects/Django/django 2/django2/miniproject2/users/urls.py changed, reloading.
INFO 2024-11-18 16:39:32,866 autoreload Watching for file changes with StatReloader
INFO 2024-11-18 16:39:35,614 basehttp "GET /swagger/ HTTP/1.1" 200 2225
INFO 2024-11-18 16:39:35,874 basehttp "GET /swagger/?format=openapi HTTP/1.1" 200 25916
INFO 2024-11-18 16:40:10,814 autoreload /home/daniyal/Documents/Projects/Django/django 2/django2/miniproject2/users/urls.py changed, reloading.
INFO 2024-11-18 16:40:11,378 autoreload Watching for file changes with StatReloader
INFO 2024-11-18 16:40:12,519 basehttp "GET /swagger/ HTTP/1.1" 200 2225
INFO 2024-11-18 16:40:12,791 basehttp "GET /swagger/?format=openapi HTTP/1.1" 200 25890
INFO 2024-11-18 16:49:51,621 autoreload /home/daniyal/Documents/Projects/Django/django 2/django2/miniproject2/users/urls.py changed, reloading.
INFO 2024-11-18 16:49:52,184 autoreload Watching for file changes with StatReloader
INFO 2024-11-18 16:49:56,867 basehttp "GET /swagger/ HTTP/1.1" 200 2225
INFO 2024-11-18 16:49:57,258 basehttp "GET /swagger/?format=openapi HTTP/1.1" 200 25890
INFO 2024-11-18 16:50:08,140 autoreload /home/daniyal/Documents/Projects/Django/django 2/django2/miniproject2/users/urls.py changed, reloading.
INFO 2024-11-18 16:50:08,716 autoreload Watching for file changes with StatReloader
INFO 2024-11-18 16:50:09,224 basehttp "GET /swagger/ HTTP/1.1" 200 2225
INFO 2024-11-18 16:50:09,521 basehttp "GET /swagger/?format=openapi HTTP/1.1" 200 25775
WARNING 2024-11-18 16:53:29,737 log Not Found: /
WARNING 2024-11-18 16:53:29,738 basehttp "GET / HTTP/1.1" 404 3407
WARNING 2024-11-18 16:53:49,631 log Unauthorized: /users/register/
WARNING 2024-11-18 16:53:49,631 basehttp "GET /users/register/ HTTP/1.1" 401 9399
INFO 2024-11-18 16:53:49,693 basehttp "GET /static/rest_framework/css/bootstrap.min.css HTTP/1.1" 304 0
INFO 2024-11-18 16:53:49,732 basehttp "GET /static/rest_framework/css/bootstrap-tweaks.css HTTP/1.1" 304 0
INFO 2024-11-18 16:53:49,735 basehttp "GET /static/rest_framework/css/default.css HTTP/1.1" 304 0
INFO 2024-11-18 16:53:49,736 basehttp "GET /static/rest_framework/css/prettify.css HTTP/1.1" 304 0
INFO 2024-11-18 16:53:49,737 basehttp "GET /static/rest_framework/js/ajax-form.js HTTP/1.1" 304 0
INFO 2024-11-18 16:53:49,738 basehttp "GET /static/rest_framework/js/bootstrap.min.js HTTP/1.1" 304 0
INFO 2024-11-18 16:53:49,739 basehttp "GET /static/rest_framework/js/jquery-3.7.1.min.js HTTP/1.1" 304 0
INFO 2024-11-18 16:53:49,739 basehttp "GET /static/rest_framework/js/prettify-min.js HTTP/1.1" 304 0
INFO 2024-11-18 16:53:49,739 basehttp "GET /static/rest_framework/js/csrf.js HTTP/1.1" 304 0
INFO 2024-11-18 16:53:49,740 basehttp "GET /static/rest_framework/js/default.js HTTP/1.1" 304 0
INFO 2024-11-18 16:53:49,741 basehttp "GET /static/rest_framework/js/load-ajax-form.js HTTP/1.1" 304 0
INFO 2024-11-18 16:53:49,902 basehttp "GET /static/rest_framework/img/grid.png HTTP/1.1" 304 0
INFO 2024-11-18 17:17:27,813 autoreload /home/daniyal/Documents/Projects/Django/django 2/django2/miniproject2/users/urls.py changed, reloading.
INFO 2024-11-18 17:17:28,348 autoreload Watching for file changes with StatReloader
INFO 2024-11-18 17:17:58,867 autoreload /home/daniyal/Documents/Projects/Django/django 2/django2/miniproject2/users/urls.py changed, reloading.
INFO 2024-11-18 17:17:59,389 autoreload Watching for file changes with StatReloader
INFO 2024-11-18 17:18:06,969 autoreload /home/daniyal/Documents/Projects/Django/django 2/django2/miniproject2/users/urls.py changed, reloading.
INFO 2024-11-18 17:18:07,433 autoreload Watching for file changes with StatReloader
INFO 2024-11-18 17:18:22,330 autoreload /home/daniyal/Documents/Projects/Django/django 2/django2/miniproject2/users/urls.py changed, reloading.
INFO 2024-11-18 17:18:22,819 autoreload Watching for file changes with StatReloader
INFO 2024-11-18 17:23:58,388 autoreload /home/daniyal/Documents/Projects/Django/django 2/django2/miniproject2/courses/views.py changed, reloading.
INFO 2024-11-18 17:23:58,941 autoreload Watching for file changes with StatReloader
INFO 2024-11-18 17:24:01,398 autoreload /home/daniyal/Documents/Projects/Django/django 2/django2/miniproject2/courses/views.py changed, reloading.
INFO 2024-11-18 17:24:01,912 autoreload Watching for file changes with StatReloader
INFO 2024-11-18 17:24:03,371 autoreload /home/daniyal/Documents/Projects/Django/django 2/django2/miniproject2/courses/views.py changed, reloading.
INFO 2024-11-18 17:24:03,901 autoreload Watching for file changes with StatReloader
INFO 2024-11-18 17:24:14,588 autoreload /home/daniyal/Documents/Projects/Django/django 2/django2/miniproject2/courses/views.py changed, reloading.
INFO 2024-11-18 17:24:15,123 autoreload Watching for file changes with StatReloader
INFO 2024-11-18 17:24:17,569 autoreload /home/daniyal/Documents/Projects/Django/django 2/django2/miniproject2/courses/views.py changed, reloading.
INFO 2024-11-18 17:24:18,077 autoreload Watching for file changes with StatReloader
INFO 2024-11-18 17:24:21,552 autoreload /home/daniyal/Documents/Projects/Django/django 2/django2/miniproject2/courses/views.py changed, reloading.
INFO 2024-11-18 17:24:22,089 autoreload Watching for file changes with StatReloader
INFO 2024-11-18 17:24:23,520 autoreload /home/daniyal/Documents/Projects/Django/django 2/django2/miniproject2/courses/views.py changed, reloading.
INFO 2024-11-18 17:24:24,062 autoreload Watching for file changes with StatReloader
INFO 2024-11-18 17:24:25,374 autoreload /home/daniyal/Documents/Projects/Django/django 2/django2/miniproject2/courses/views.py changed, reloading.
INFO 2024-11-18 17:24:25,919 autoreload Watching for file changes with StatReloader
INFO 2024-11-18 17:24:58,570 autoreload /home/daniyal/Documents/Projects/Django/django 2/django2/miniproject2/courses/views.py changed, reloading.
INFO 2024-11-18 17:24:59,115 autoreload Watching for file changes with StatReloader
INFO 2024-11-18 17:25:01,438 autoreload /home/daniyal/Documents/Projects/Django/django 2/django2/miniproject2/courses/views.py changed, reloading.
INFO 2024-11-18 17:25:01,946 autoreload Watching for file changes with StatReloader
INFO 2024-11-18 17:25:03,404 autoreload /home/daniyal/Documents/Projects/Django/django 2/django2/miniproject2/courses/views.py changed, reloading.
INFO 2024-11-18 17:25:03,938 autoreload Watching for file changes with StatReloader
INFO 2024-11-18 17:27:27,002 autoreload /home/daniyal/Documents/Projects/Django/django 2/django2/miniproject2/users/permissions.py changed, reloading.
INFO 2024-11-18 17:27:27,530 autoreload Watching for file changes with StatReloader
INFO 2024-11-18 17:27:33,042 autoreload /home/daniyal/Documents/Projects/Django/django 2/django2/miniproject2/users/permissions.py changed, reloading.
INFO 2024-11-18 17:27:33,604 autoreload Watching for file changes with StatReloader
INFO 2024-11-18 17:27:38,116 autoreload /home/daniyal/Documents/Projects/Django/django 2/django2/miniproject2/users/permissions.py changed, reloading.
INFO 2024-11-18 17:27:38,641 autoreload Watching for file changes with StatReloader
INFO 2024-11-18 17:27:40,066 autoreload /home/daniyal/Documents/Projects/Django/django 2/django2/miniproject2/users/permissions.py changed, reloading.
INFO 2024-11-18 17:27:40,606 autoreload Watching for file changes with StatReloader
INFO 2024-11-18 17:27:47,170 autoreload /home/daniyal/Documents/Projects/Django/django 2/django2/miniproject2/courses/views.py changed, reloading.
INFO 2024-11-18 17:27:47,698 autoreload Watching for file changes with StatReloader
INFO 2024-11-18 17:27:50,167 autoreload /home/daniyal/Documents/Projects/Django/django 2/django2/miniproject2/courses/views.py changed, reloading.
INFO 2024-11-18 17:27:50,669 autoreload Watching for file changes with StatReloader
INFO 2024-11-18 17:28:04,544 autoreload /home/daniyal/Documents/Projects/Django/django 2/django2/miniproject2/courses/views.py changed, reloading.
INFO 2024-11-18 17:28:05,051 autoreload Watching for file changes with StatReloader
INFO 2024-11-18 17:28:07,497 autoreload /home/daniyal/Documents/Projects/Django/django 2/django2/miniproject2/courses/views.py changed, reloading.
INFO 2024-11-18 17:28:07,982 autoreload Watching for file changes with StatReloader
INFO 2024-11-18 17:28:09,417 autoreload /home/daniyal/Documents/Projects/Django/django 2/django2/miniproject2/courses/views.py changed, reloading.
INFO 2024-11-18 17:28:09,934 autoreload Watching for file changes with StatReloader
INFO 2024-11-18 17:28:11,400 autoreload /home/daniyal/Documents/Projects/Django/django 2/django2/miniproject2/courses/views.py changed, reloading.
INFO 2024-11-18 17:28:11,938 autoreload Watching for file changes with StatReloader
INFO 2024-11-18 17:28:28,979 autoreload /home/daniyal/Documents/Projects/Django/django 2/django2/miniproject2/courses/views.py changed, reloading.
INFO 2024-11-18 17:28:29,480 autoreload Watching for file changes with StatReloader
INFO 2024-11-18 17:28:38,127 autoreload /home/daniyal/Documents/Projects/Django/django 2/django2/miniproject2/courses/views.py changed, reloading.
INFO 2024-11-18 17:28:38,629 autoreload Watching for file changes with StatReloader
INFO 2024-11-18 17:28:40,073 autoreload /home/daniyal/Documents/Projects/Django/django 2/django2/miniproject2/courses/views.py changed, reloading.
INFO 2024-11-18 17:28:40,566 autoreload Watching for file changes with StatReloader
INFO 2024-11-18 17:28:42,021 autoreload /home/daniyal/Documents/Projects/Django/django 2/django2/miniproject2/courses/views.py changed, reloading.
INFO 2024-11-18 17:28:42,505 autoreload Watching for file changes with StatReloader
INFO 2024-11-18 17:28:45,989 autoreload /home/daniyal/Documents/Projects/Django/django 2/django2/miniproject2/courses/views.py changed, reloading.
INFO 2024-11-18 17:28:46,506 autoreload Watching for file changes with StatReloader
INFO 2024-11-18 17:28:51,997 autoreload /home/daniyal/Documents/Projects/Django/django 2/django2/miniproject2/courses/views.py changed, reloading.
INFO 2024-11-18 17:28:52,497 autoreload Watching for file changes with StatReloader
INFO 2024-11-18 17:29:07,387 autoreload /home/daniyal/Documents/Projects/Django/django 2/django2/miniproject2/courses/models.py changed, reloading.
INFO 2024-11-18 17:29:07,885 autoreload Watching for file changes with StatReloader
INFO 2024-11-18 17:29:13,359 autoreload /home/daniyal/Documents/Projects/Django/django 2/django2/miniproject2/courses/serializers.py changed, reloading.
INFO 2024-11-18 17:29:13,832 autoreload Watching for file changes with StatReloader
INFO 2024-11-18 18:55:26,999 autoreload Watching for file changes with StatReloader
WARNING 2024-11-18 18:55:29,605 log Not Found: /
WARNING 2024-11-18 18:55:29,606 basehttp "GET / HTTP/1.1" 404 3407
WARNING 2024-11-18 18:55:29,661 log Not Found: /favicon.ico
WARNING 2024-11-18 18:55:29,662 basehttp "GET /favicon.ico HTTP/1.1" 404 3458
INFO 2024-11-18 18:55:34,938 basehttp "GET /swagger HTTP/1.1" 301 0
INFO 2024-11-18 18:55:34,978 basehttp "GET /swagger/ HTTP/1.1" 200 2225
INFO 2024-11-18 18:55:35,009 basehttp "GET /static/drf-yasg/style.css HTTP/1.1" 200 1047
INFO 2024-11-18 18:55:35,013 basehttp "GET /static/drf-yasg/insQ.min.js HTTP/1.1" 200 2093
INFO 2024-11-18 18:55:35,015 basehttp "GET /static/drf-yasg/immutable.min.js HTTP/1.1" 200 56904
INFO 2024-11-18 18:55:35,016 basehttp "GET /static/drf-yasg/swagger-ui-dist/swagger-ui.css HTTP/1.1" 200 145206
INFO 2024-11-18 18:55:35,019 basehttp "GET /static/drf-yasg/swagger-ui-dist/swagger-ui-standalone-preset.js HTTP/1.1" 200 322863
INFO 2024-11-18 18:55:35,020 basehttp "GET /static/drf-yasg/swagger-ui-dist/swagger-ui-bundle.js HTTP/1.1" 200 1046583
INFO 2024-11-18 18:55:35,030 basehttp "GET /static/drf-yasg/swagger-ui-init.js HTTP/1.1" 200 15480
INFO 2024-11-18 18:55:35,193 basehttp "GET /static/drf-yasg/swagger-ui-dist/favicon-32x32.png HTTP/1.1" 200 628
ERROR 2024-11-18 18:55:35,270 log Internal Server Error: /swagger/
Traceback (most recent call last):
  File "/home/daniyal/.cache/pypoetry/virtualenvs/project-0nRPPibi-py3.12/lib/python3.12/site-packages/django/core/handlers/exception.py", line 55, in inner
    response = get_response(request)
               ^^^^^^^^^^^^^^^^^^^^^
  File "/home/daniyal/.cache/pypoetry/virtualenvs/project-0nRPPibi-py3.12/lib/python3.12/site-packages/django/core/handlers/base.py", line 197, in _get_response
    response = wrapped_callback(request, *callback_args, **callback_kwargs)
               ^^^^^^^^^^^^^^^^^^^^^^^^^^^^^^^^^^^^^^^^^^^^^^^^^^^^^^^^^^^^
  File "/home/daniyal/.cache/pypoetry/virtualenvs/project-0nRPPibi-py3.12/lib/python3.12/site-packages/django/views/decorators/csrf.py", line 65, in _view_wrapper
    return view_func(request, *args, **kwargs)
           ^^^^^^^^^^^^^^^^^^^^^^^^^^^^^^^^^^^
  File "/home/daniyal/.cache/pypoetry/virtualenvs/project-0nRPPibi-py3.12/lib/python3.12/site-packages/django/views/generic/base.py", line 104, in view
    return self.dispatch(request, *args, **kwargs)
           ^^^^^^^^^^^^^^^^^^^^^^^^^^^^^^^^^^^^^^^
  File "/home/daniyal/.cache/pypoetry/virtualenvs/project-0nRPPibi-py3.12/lib/python3.12/site-packages/rest_framework/views.py", line 509, in dispatch
    response = self.handle_exception(exc)
               ^^^^^^^^^^^^^^^^^^^^^^^^^^
  File "/home/daniyal/.cache/pypoetry/virtualenvs/project-0nRPPibi-py3.12/lib/python3.12/site-packages/rest_framework/views.py", line 469, in handle_exception
    self.raise_uncaught_exception(exc)
  File "/home/daniyal/.cache/pypoetry/virtualenvs/project-0nRPPibi-py3.12/lib/python3.12/site-packages/rest_framework/views.py", line 480, in raise_uncaught_exception
    raise exc
  File "/home/daniyal/.cache/pypoetry/virtualenvs/project-0nRPPibi-py3.12/lib/python3.12/site-packages/rest_framework/views.py", line 506, in dispatch
    response = handler(request, *args, **kwargs)
               ^^^^^^^^^^^^^^^^^^^^^^^^^^^^^^^^^
  File "/home/daniyal/.cache/pypoetry/virtualenvs/project-0nRPPibi-py3.12/lib/python3.12/site-packages/drf_yasg/views.py", line 96, in get
    schema = generator.get_schema(request, self.public)
             ^^^^^^^^^^^^^^^^^^^^^^^^^^^^^^^^^^^^^^^^^^
  File "/home/daniyal/.cache/pypoetry/virtualenvs/project-0nRPPibi-py3.12/lib/python3.12/site-packages/drf_yasg/generators.py", line 276, in get_schema
    paths, prefix = self.get_paths(endpoints, components, request, public)
                    ^^^^^^^^^^^^^^^^^^^^^^^^^^^^^^^^^^^^^^^^^^^^^^^^^^^^^^
  File "/home/daniyal/.cache/pypoetry/virtualenvs/project-0nRPPibi-py3.12/lib/python3.12/site-packages/drf_yasg/generators.py", line 482, in get_paths
    operation = self.get_operation(view, path, prefix, method, components, request)
                ^^^^^^^^^^^^^^^^^^^^^^^^^^^^^^^^^^^^^^^^^^^^^^^^^^^^^^^^^^^^^^^^^^^
  File "/home/daniyal/.cache/pypoetry/virtualenvs/project-0nRPPibi-py3.12/lib/python3.12/site-packages/drf_yasg/generators.py", line 524, in get_operation
    operation = view_inspector.get_operation(operation_keys)
                ^^^^^^^^^^^^^^^^^^^^^^^^^^^^^^^^^^^^^^^^^^^^
  File "/home/daniyal/.cache/pypoetry/virtualenvs/project-0nRPPibi-py3.12/lib/python3.12/site-packages/drf_yasg/inspectors/view.py", line 33, in get_operation
    query = self.get_query_parameters()
            ^^^^^^^^^^^^^^^^^^^^^^^^^^^
  File "/home/daniyal/.cache/pypoetry/virtualenvs/project-0nRPPibi-py3.12/lib/python3.12/site-packages/drf_yasg/inspectors/view.py", line 293, in get_query_parameters
    natural_parameters = self.get_filter_parameters() + self.get_pagination_parameters()
                         ^^^^^^^^^^^^^^^^^^^^^^^^^^^^
  File "/home/daniyal/.cache/pypoetry/virtualenvs/project-0nRPPibi-py3.12/lib/python3.12/site-packages/drf_yasg/inspectors/base.py", line 409, in get_filter_parameters
    fields += self.probe_inspectors(self.filter_inspectors, 'get_filter_parameters', filter_backend()) or []
              ^^^^^^^^^^^^^^^^^^^^^^^^^^^^^^^^^^^^^^^^^^^^^^^^^^^^^^^^^^^^^^^^^^^^^^^^^^^^^^^^^^^^^^^^
  File "/home/daniyal/.cache/pypoetry/virtualenvs/project-0nRPPibi-py3.12/lib/python3.12/site-packages/drf_yasg/inspectors/base.py", line 110, in probe_inspectors
    result = method(obj, **kwargs)
             ^^^^^^^^^^^^^^^^^^^^^
  File "/home/daniyal/.cache/pypoetry/virtualenvs/project-0nRPPibi-py3.12/lib/python3.12/site-packages/drf_yasg/inspectors/query.py", line 42, in get_filter_parameters
    return list(map(self.param_to_schema, filter_backend.get_schema_operation_parameters(self.view)))
                                          ^^^^^^^^^^^^^^^^^^^^^^^^^^^^^^^^^^^^^^^^^^^^^^^^^^^^^^^^^
  File "/home/daniyal/.cache/pypoetry/virtualenvs/project-0nRPPibi-py3.12/lib/python3.12/site-packages/django_filters/rest_framework/backends.py", line 146, in get_schema_operation_parameters
    filterset_class = self.get_filterset_class(view, queryset)
                      ^^^^^^^^^^^^^^^^^^^^^^^^^^^^^^^^^^^^^^^^
  File "/home/daniyal/.cache/pypoetry/virtualenvs/project-0nRPPibi-py3.12/lib/python3.12/site-packages/django_filters/rest_framework/backends.py", line 51, in get_filterset_class
    class AutoFilterSet(self.filterset_base):
  File "/home/daniyal/.cache/pypoetry/virtualenvs/project-0nRPPibi-py3.12/lib/python3.12/site-packages/django_filters/filterset.py", line 78, in __new__
    new_class.base_filters = new_class.get_filters()
                             ^^^^^^^^^^^^^^^^^^^^^^^
  File "/home/daniyal/.cache/pypoetry/virtualenvs/project-0nRPPibi-py3.12/lib/python3.12/site-packages/django_filters/filterset.py", line 367, in get_filters
    raise TypeError(
TypeError: 'Meta.fields' must not contain non-model field names: instructor
ERROR 2024-11-18 18:55:35,272 basehttp "GET /swagger/?format=openapi HTTP/1.1" 500 184261
INFO 2024-11-18 18:58:47,521 autoreload Watching for file changes with StatReloader
INFO 2024-11-18 18:58:51,121 basehttp "GET /swagger/ HTTP/1.1" 200 2225
ERROR 2024-11-18 18:58:51,257 log Internal Server Error: /swagger/
Traceback (most recent call last):
  File "/home/daniyal/.cache/pypoetry/virtualenvs/project-0nRPPibi-py3.12/lib/python3.12/site-packages/django/core/handlers/exception.py", line 55, in inner
    response = get_response(request)
               ^^^^^^^^^^^^^^^^^^^^^
  File "/home/daniyal/.cache/pypoetry/virtualenvs/project-0nRPPibi-py3.12/lib/python3.12/site-packages/django/core/handlers/base.py", line 197, in _get_response
    response = wrapped_callback(request, *callback_args, **callback_kwargs)
               ^^^^^^^^^^^^^^^^^^^^^^^^^^^^^^^^^^^^^^^^^^^^^^^^^^^^^^^^^^^^
  File "/home/daniyal/.cache/pypoetry/virtualenvs/project-0nRPPibi-py3.12/lib/python3.12/site-packages/django/views/decorators/csrf.py", line 65, in _view_wrapper
    return view_func(request, *args, **kwargs)
           ^^^^^^^^^^^^^^^^^^^^^^^^^^^^^^^^^^^
  File "/home/daniyal/.cache/pypoetry/virtualenvs/project-0nRPPibi-py3.12/lib/python3.12/site-packages/django/views/generic/base.py", line 104, in view
    return self.dispatch(request, *args, **kwargs)
           ^^^^^^^^^^^^^^^^^^^^^^^^^^^^^^^^^^^^^^^
  File "/home/daniyal/.cache/pypoetry/virtualenvs/project-0nRPPibi-py3.12/lib/python3.12/site-packages/rest_framework/views.py", line 509, in dispatch
    response = self.handle_exception(exc)
               ^^^^^^^^^^^^^^^^^^^^^^^^^^
  File "/home/daniyal/.cache/pypoetry/virtualenvs/project-0nRPPibi-py3.12/lib/python3.12/site-packages/rest_framework/views.py", line 469, in handle_exception
    self.raise_uncaught_exception(exc)
  File "/home/daniyal/.cache/pypoetry/virtualenvs/project-0nRPPibi-py3.12/lib/python3.12/site-packages/rest_framework/views.py", line 480, in raise_uncaught_exception
    raise exc
  File "/home/daniyal/.cache/pypoetry/virtualenvs/project-0nRPPibi-py3.12/lib/python3.12/site-packages/rest_framework/views.py", line 506, in dispatch
    response = handler(request, *args, **kwargs)
               ^^^^^^^^^^^^^^^^^^^^^^^^^^^^^^^^^
  File "/home/daniyal/.cache/pypoetry/virtualenvs/project-0nRPPibi-py3.12/lib/python3.12/site-packages/drf_yasg/views.py", line 96, in get
    schema = generator.get_schema(request, self.public)
             ^^^^^^^^^^^^^^^^^^^^^^^^^^^^^^^^^^^^^^^^^^
  File "/home/daniyal/.cache/pypoetry/virtualenvs/project-0nRPPibi-py3.12/lib/python3.12/site-packages/drf_yasg/generators.py", line 276, in get_schema
    paths, prefix = self.get_paths(endpoints, components, request, public)
                    ^^^^^^^^^^^^^^^^^^^^^^^^^^^^^^^^^^^^^^^^^^^^^^^^^^^^^^
  File "/home/daniyal/.cache/pypoetry/virtualenvs/project-0nRPPibi-py3.12/lib/python3.12/site-packages/drf_yasg/generators.py", line 482, in get_paths
    operation = self.get_operation(view, path, prefix, method, components, request)
                ^^^^^^^^^^^^^^^^^^^^^^^^^^^^^^^^^^^^^^^^^^^^^^^^^^^^^^^^^^^^^^^^^^^
  File "/home/daniyal/.cache/pypoetry/virtualenvs/project-0nRPPibi-py3.12/lib/python3.12/site-packages/drf_yasg/generators.py", line 524, in get_operation
    operation = view_inspector.get_operation(operation_keys)
                ^^^^^^^^^^^^^^^^^^^^^^^^^^^^^^^^^^^^^^^^^^^^
  File "/home/daniyal/.cache/pypoetry/virtualenvs/project-0nRPPibi-py3.12/lib/python3.12/site-packages/drf_yasg/inspectors/view.py", line 33, in get_operation
    query = self.get_query_parameters()
            ^^^^^^^^^^^^^^^^^^^^^^^^^^^
  File "/home/daniyal/.cache/pypoetry/virtualenvs/project-0nRPPibi-py3.12/lib/python3.12/site-packages/drf_yasg/inspectors/view.py", line 293, in get_query_parameters
    natural_parameters = self.get_filter_parameters() + self.get_pagination_parameters()
                         ^^^^^^^^^^^^^^^^^^^^^^^^^^^^
  File "/home/daniyal/.cache/pypoetry/virtualenvs/project-0nRPPibi-py3.12/lib/python3.12/site-packages/drf_yasg/inspectors/base.py", line 409, in get_filter_parameters
    fields += self.probe_inspectors(self.filter_inspectors, 'get_filter_parameters', filter_backend()) or []
              ^^^^^^^^^^^^^^^^^^^^^^^^^^^^^^^^^^^^^^^^^^^^^^^^^^^^^^^^^^^^^^^^^^^^^^^^^^^^^^^^^^^^^^^^
  File "/home/daniyal/.cache/pypoetry/virtualenvs/project-0nRPPibi-py3.12/lib/python3.12/site-packages/drf_yasg/inspectors/base.py", line 110, in probe_inspectors
    result = method(obj, **kwargs)
             ^^^^^^^^^^^^^^^^^^^^^
  File "/home/daniyal/.cache/pypoetry/virtualenvs/project-0nRPPibi-py3.12/lib/python3.12/site-packages/drf_yasg/inspectors/query.py", line 42, in get_filter_parameters
    return list(map(self.param_to_schema, filter_backend.get_schema_operation_parameters(self.view)))
                                          ^^^^^^^^^^^^^^^^^^^^^^^^^^^^^^^^^^^^^^^^^^^^^^^^^^^^^^^^^
  File "/home/daniyal/.cache/pypoetry/virtualenvs/project-0nRPPibi-py3.12/lib/python3.12/site-packages/django_filters/rest_framework/backends.py", line 146, in get_schema_operation_parameters
    filterset_class = self.get_filterset_class(view, queryset)
                      ^^^^^^^^^^^^^^^^^^^^^^^^^^^^^^^^^^^^^^^^
  File "/home/daniyal/.cache/pypoetry/virtualenvs/project-0nRPPibi-py3.12/lib/python3.12/site-packages/django_filters/rest_framework/backends.py", line 51, in get_filterset_class
    class AutoFilterSet(self.filterset_base):
  File "/home/daniyal/.cache/pypoetry/virtualenvs/project-0nRPPibi-py3.12/lib/python3.12/site-packages/django_filters/filterset.py", line 78, in __new__
    new_class.base_filters = new_class.get_filters()
                             ^^^^^^^^^^^^^^^^^^^^^^^
  File "/home/daniyal/.cache/pypoetry/virtualenvs/project-0nRPPibi-py3.12/lib/python3.12/site-packages/django_filters/filterset.py", line 367, in get_filters
    raise TypeError(
TypeError: 'Meta.fields' must not contain non-model field names: instructor
ERROR 2024-11-18 18:58:51,259 basehttp "GET /swagger/?format=openapi HTTP/1.1" 500 184261
INFO 2024-11-18 18:59:44,121 autoreload /home/daniyal/Documents/Projects/Django/django 2/django2/miniproject2/courses/views.py changed, reloading.
INFO 2024-11-18 18:59:44,632 autoreload Watching for file changes with StatReloader
INFO 2024-11-18 18:59:47,358 basehttp "GET /swagger/ HTTP/1.1" 200 2225
ERROR 2024-11-18 18:59:47,516 log Internal Server Error: /swagger/
Traceback (most recent call last):
  File "/home/daniyal/.cache/pypoetry/virtualenvs/project-0nRPPibi-py3.12/lib/python3.12/site-packages/django/core/handlers/exception.py", line 55, in inner
    response = get_response(request)
               ^^^^^^^^^^^^^^^^^^^^^
  File "/home/daniyal/.cache/pypoetry/virtualenvs/project-0nRPPibi-py3.12/lib/python3.12/site-packages/django/core/handlers/base.py", line 197, in _get_response
    response = wrapped_callback(request, *callback_args, **callback_kwargs)
               ^^^^^^^^^^^^^^^^^^^^^^^^^^^^^^^^^^^^^^^^^^^^^^^^^^^^^^^^^^^^
  File "/home/daniyal/.cache/pypoetry/virtualenvs/project-0nRPPibi-py3.12/lib/python3.12/site-packages/django/views/decorators/csrf.py", line 65, in _view_wrapper
    return view_func(request, *args, **kwargs)
           ^^^^^^^^^^^^^^^^^^^^^^^^^^^^^^^^^^^
  File "/home/daniyal/.cache/pypoetry/virtualenvs/project-0nRPPibi-py3.12/lib/python3.12/site-packages/django/views/generic/base.py", line 104, in view
    return self.dispatch(request, *args, **kwargs)
           ^^^^^^^^^^^^^^^^^^^^^^^^^^^^^^^^^^^^^^^
  File "/home/daniyal/.cache/pypoetry/virtualenvs/project-0nRPPibi-py3.12/lib/python3.12/site-packages/rest_framework/views.py", line 509, in dispatch
    response = self.handle_exception(exc)
               ^^^^^^^^^^^^^^^^^^^^^^^^^^
  File "/home/daniyal/.cache/pypoetry/virtualenvs/project-0nRPPibi-py3.12/lib/python3.12/site-packages/rest_framework/views.py", line 469, in handle_exception
    self.raise_uncaught_exception(exc)
  File "/home/daniyal/.cache/pypoetry/virtualenvs/project-0nRPPibi-py3.12/lib/python3.12/site-packages/rest_framework/views.py", line 480, in raise_uncaught_exception
    raise exc
  File "/home/daniyal/.cache/pypoetry/virtualenvs/project-0nRPPibi-py3.12/lib/python3.12/site-packages/rest_framework/views.py", line 506, in dispatch
    response = handler(request, *args, **kwargs)
               ^^^^^^^^^^^^^^^^^^^^^^^^^^^^^^^^^
  File "/home/daniyal/.cache/pypoetry/virtualenvs/project-0nRPPibi-py3.12/lib/python3.12/site-packages/drf_yasg/views.py", line 96, in get
    schema = generator.get_schema(request, self.public)
             ^^^^^^^^^^^^^^^^^^^^^^^^^^^^^^^^^^^^^^^^^^
  File "/home/daniyal/.cache/pypoetry/virtualenvs/project-0nRPPibi-py3.12/lib/python3.12/site-packages/drf_yasg/generators.py", line 276, in get_schema
    paths, prefix = self.get_paths(endpoints, components, request, public)
                    ^^^^^^^^^^^^^^^^^^^^^^^^^^^^^^^^^^^^^^^^^^^^^^^^^^^^^^
  File "/home/daniyal/.cache/pypoetry/virtualenvs/project-0nRPPibi-py3.12/lib/python3.12/site-packages/drf_yasg/generators.py", line 482, in get_paths
    operation = self.get_operation(view, path, prefix, method, components, request)
                ^^^^^^^^^^^^^^^^^^^^^^^^^^^^^^^^^^^^^^^^^^^^^^^^^^^^^^^^^^^^^^^^^^^
  File "/home/daniyal/.cache/pypoetry/virtualenvs/project-0nRPPibi-py3.12/lib/python3.12/site-packages/drf_yasg/generators.py", line 524, in get_operation
    operation = view_inspector.get_operation(operation_keys)
                ^^^^^^^^^^^^^^^^^^^^^^^^^^^^^^^^^^^^^^^^^^^^
  File "/home/daniyal/.cache/pypoetry/virtualenvs/project-0nRPPibi-py3.12/lib/python3.12/site-packages/drf_yasg/inspectors/view.py", line 45, in get_operation
    responses = self.get_responses()
                ^^^^^^^^^^^^^^^^^^^^
  File "/home/daniyal/.cache/pypoetry/virtualenvs/project-0nRPPibi-py3.12/lib/python3.12/site-packages/drf_yasg/inspectors/view.py", line 180, in get_responses
    response_serializers = self.get_response_serializers()
                           ^^^^^^^^^^^^^^^^^^^^^^^^^^^^^^^
  File "/home/daniyal/.cache/pypoetry/virtualenvs/project-0nRPPibi-py3.12/lib/python3.12/site-packages/drf_yasg/inspectors/view.py", line 235, in get_response_serializers
    responses = self.get_default_responses()
                ^^^^^^^^^^^^^^^^^^^^^^^^^^^^
  File "/home/daniyal/.cache/pypoetry/virtualenvs/project-0nRPPibi-py3.12/lib/python3.12/site-packages/drf_yasg/inspectors/view.py", line 211, in get_default_responses
    default_schema = self.serializer_to_schema(default_schema) or ''
                     ^^^^^^^^^^^^^^^^^^^^^^^^^^^^^^^^^^^^^^^^^
  File "/home/daniyal/.cache/pypoetry/virtualenvs/project-0nRPPibi-py3.12/lib/python3.12/site-packages/drf_yasg/inspectors/base.py", line 438, in serializer_to_schema
    return self.probe_inspectors(
           ^^^^^^^^^^^^^^^^^^^^^^
  File "/home/daniyal/.cache/pypoetry/virtualenvs/project-0nRPPibi-py3.12/lib/python3.12/site-packages/drf_yasg/inspectors/base.py", line 110, in probe_inspectors
    result = method(obj, **kwargs)
             ^^^^^^^^^^^^^^^^^^^^^
  File "/home/daniyal/.cache/pypoetry/virtualenvs/project-0nRPPibi-py3.12/lib/python3.12/site-packages/drf_yasg/inspectors/field.py", line 42, in get_schema
    return self.probe_field_inspectors(serializer, openapi.Schema, self.use_definitions)
           ^^^^^^^^^^^^^^^^^^^^^^^^^^^^^^^^^^^^^^^^^^^^^^^^^^^^^^^^^^^^^^^^^^^^^^^^^^^^^
  File "/home/daniyal/.cache/pypoetry/virtualenvs/project-0nRPPibi-py3.12/lib/python3.12/site-packages/drf_yasg/inspectors/base.py", line 228, in probe_field_inspectors
    return self.probe_inspectors(
           ^^^^^^^^^^^^^^^^^^^^^^
  File "/home/daniyal/.cache/pypoetry/virtualenvs/project-0nRPPibi-py3.12/lib/python3.12/site-packages/drf_yasg/inspectors/base.py", line 110, in probe_inspectors
    result = method(obj, **kwargs)
             ^^^^^^^^^^^^^^^^^^^^^
  File "/home/daniyal/.cache/pypoetry/virtualenvs/project-0nRPPibi-py3.12/lib/python3.12/site-packages/drf_yasg/inspectors/field.py", line 133, in field_to_swagger_object
    actual_schema = definitions.setdefault(ref_name, make_schema_definition)
                    ^^^^^^^^^^^^^^^^^^^^^^^^^^^^^^^^^^^^^^^^^^^^^^^^^^^^^^^^
  File "/home/daniyal/.cache/pypoetry/virtualenvs/project-0nRPPibi-py3.12/lib/python3.12/site-packages/drf_yasg/openapi.py", line 685, in setdefault
    ret = maker()
          ^^^^^^^
  File "/home/daniyal/.cache/pypoetry/virtualenvs/project-0nRPPibi-py3.12/lib/python3.12/site-packages/drf_yasg/inspectors/field.py", line 102, in make_schema_definition
    for property_name, child in serializer.fields.items():
                                ^^^^^^^^^^^^^^^^^
  File "/home/daniyal/.cache/pypoetry/virtualenvs/project-0nRPPibi-py3.12/lib/python3.12/site-packages/django/utils/functional.py", line 47, in __get__
    res = instance.__dict__[self.name] = self.func(instance)
                                         ^^^^^^^^^^^^^^^^^^^
  File "/home/daniyal/.cache/pypoetry/virtualenvs/project-0nRPPibi-py3.12/lib/python3.12/site-packages/rest_framework/serializers.py", line 372, in fields
    for key, value in self.get_fields().items():
                      ^^^^^^^^^^^^^^^^^
  File "/home/daniyal/.cache/pypoetry/virtualenvs/project-0nRPPibi-py3.12/lib/python3.12/site-packages/rest_framework/serializers.py", line 1103, in get_fields
    field_class, field_kwargs = self.build_field(
                                ^^^^^^^^^^^^^^^^^
  File "/home/daniyal/.cache/pypoetry/virtualenvs/project-0nRPPibi-py3.12/lib/python3.12/site-packages/rest_framework/serializers.py", line 1249, in build_field
    return self.build_unknown_field(field_name, model_class)
           ^^^^^^^^^^^^^^^^^^^^^^^^^^^^^^^^^^^^^^^^^^^^^^^^^
  File "/home/daniyal/.cache/pypoetry/virtualenvs/project-0nRPPibi-py3.12/lib/python3.12/site-packages/rest_framework/serializers.py", line 1367, in build_unknown_field
    raise ImproperlyConfigured(
django.core.exceptions.ImproperlyConfigured: Field name `proffessor` is not valid for model `Course` in `courses.serializers.CourseSerializer`.
ERROR 2024-11-18 18:59:47,518 basehttp "GET /swagger/?format=openapi HTTP/1.1" 500 237121
INFO 2024-11-18 18:59:59,541 autoreload /home/daniyal/Documents/Projects/Django/django 2/django2/miniproject2/courses/serializers.py changed, reloading.
INFO 2024-11-18 19:00:00,035 autoreload Watching for file changes with StatReloader
INFO 2024-11-18 19:00:01,495 basehttp "GET /swagger/ HTTP/1.1" 200 2225
INFO 2024-11-18 19:00:01,603 basehttp "GET /swagger/?format=openapi HTTP/1.1" 200 25885
INFO 2024-11-18 19:00:39,089 autoreload /home/daniyal/Documents/Projects/Django/django 2/django2/miniproject2/courses/serializers.py changed, reloading.
INFO 2024-11-18 19:00:39,598 autoreload Watching for file changes with StatReloader
INFO 2024-11-19 11:44:31,510 autoreload Watching for file changes with StatReloader
WARNING 2024-11-19 12:01:51,233 log Not Found: /users/register/
WARNING 2024-11-19 12:01:51,953 log Not Found: /users/2/role/
WARNING 2024-11-19 12:01:52,573 log Not Found: /users/2/role/
WARNING 2024-11-19 12:01:52,885 log Not Found: /users/1/role/
WARNING 2024-11-19 12:01:53,192 log Not Found: /users/1/role/
INFO 2024-11-19 12:06:54,386 autoreload Watching for file changes with StatReloader
INFO 2024-11-19 12:07:07,733 autoreload Watching for file changes with StatReloader
WARNING 2024-11-19 12:07:09,580 log Not Found: /
WARNING 2024-11-19 12:07:09,580 basehttp "GET / HTTP/1.1" 404 3407
WARNING 2024-11-19 12:07:09,633 log Not Found: /favicon.ico
WARNING 2024-11-19 12:07:09,633 basehttp "GET /favicon.ico HTTP/1.1" 404 3458
INFO 2024-11-19 12:07:14,688 basehttp "GET /swagger/ HTTP/1.1" 200 2225
INFO 2024-11-19 12:07:14,709 basehttp "GET /static/drf-yasg/style.css HTTP/1.1" 304 0
INFO 2024-11-19 12:07:14,716 basehttp "GET /static/drf-yasg/swagger-ui-dist/swagger-ui.css HTTP/1.1" 304 0
INFO 2024-11-19 12:07:14,717 basehttp "GET /static/drf-yasg/swagger-ui-dist/swagger-ui-standalone-preset.js HTTP/1.1" 304 0
INFO 2024-11-19 12:07:14,717 basehttp "GET /static/drf-yasg/insQ.min.js HTTP/1.1" 304 0
INFO 2024-11-19 12:07:14,720 basehttp "GET /static/drf-yasg/swagger-ui-dist/swagger-ui-bundle.js HTTP/1.1" 304 0
INFO 2024-11-19 12:07:14,720 basehttp "GET /static/drf-yasg/swagger-ui-init.js HTTP/1.1" 304 0
INFO 2024-11-19 12:07:14,721 basehttp "GET /static/drf-yasg/immutable.min.js HTTP/1.1" 304 0
INFO 2024-11-19 12:07:14,906 views Fetching grades for user: AnonymousUser
INFO 2024-11-19 12:07:14,908 views Fetching grades for user: AnonymousUser
INFO 2024-11-19 12:07:14,910 views Fetching grades for user: AnonymousUser
INFO 2024-11-19 12:07:14,912 views Fetching grades for user: AnonymousUser
INFO 2024-11-19 12:07:14,944 views Fetching grades for user: AnonymousUser
INFO 2024-11-19 12:07:14,960 basehttp "GET /swagger/?format=openapi HTTP/1.1" 200 26471
INFO 2024-11-19 12:07:43,666 views New user registered: testuser (ID: 1)
WARNING 2024-11-19 12:07:44,387 log Not Found: /users/2/role/
WARNING 2024-11-19 12:07:45,010 log Not Found: /users/2/role/
WARNING 2024-11-19 12:07:45,327 log Not Found: /users/1/role/
WARNING 2024-11-19 12:07:45,642 log Not Found: /users/1/role/
INFO 2024-11-19 12:11:47,100 views New user registered: testuser (ID: 1)
WARNING 2024-11-19 12:11:47,821 log Not Found: /users/2/role/
WARNING 2024-11-19 12:11:48,438 log Not Found: /users/2/role/
WARNING 2024-11-19 12:11:48,752 log Not Found: /users/1/role/
WARNING 2024-11-19 12:11:49,061 log Not Found: /users/1/role/
INFO 2024-11-19 12:12:13,241 views New user registered: testuser (ID: 1)
WARNING 2024-11-19 12:12:13,858 log Not Found: /users/2/role/
WARNING 2024-11-19 12:12:14,551 log Not Found: /users/2/role/
WARNING 2024-11-19 12:12:14,861 log Not Found: /users/1/role/
WARNING 2024-11-19 12:12:15,164 log Not Found: /users/1/role/
INFO 2024-11-19 12:13:00,556 views New user registered: testuser (ID: 1)
WARNING 2024-11-19 12:13:01,164 log Not Found: /users/2/role/
WARNING 2024-11-19 12:13:01,865 log Not Found: /users/2/role/
WARNING 2024-11-19 12:13:02,173 log Not Found: /users/1/role/
WARNING 2024-11-19 12:13:02,477 log Not Found: /users/1/role/
INFO 2024-11-19 12:13:51,767 basehttp "GET /static/drf-yasg/swagger-ui-dist/swagger-ui-standalone-preset.js.map HTTP/1.1" 200 517830
INFO 2024-11-19 12:13:51,770 basehttp "GET /static/drf-yasg/swagger-ui-dist/swagger-ui-bundle.js.map HTTP/1.1" 200 1540070
INFO 2024-11-19 12:13:51,772 basehttp "GET /static/drf-yasg/swagger-ui-dist/swagger-ui.css.map HTTP/1.1" 200 251096
INFO 2024-11-19 12:15:13,575 autoreload /home/daniyal/Documents/Projects/Django/django 2/django2/miniproject2/users/views.py changed, reloading.
INFO 2024-11-19 12:15:14,164 autoreload Watching for file changes with StatReloader
INFO 2024-11-19 12:15:30,097 autoreload /home/daniyal/Documents/Projects/Django/django 2/django2/miniproject2/users/views.py changed, reloading.
INFO 2024-11-19 12:15:30,657 autoreload Watching for file changes with StatReloader
INFO 2024-11-19 12:15:38,257 autoreload /home/daniyal/Documents/Projects/Django/django 2/django2/miniproject2/users/views.py changed, reloading.
INFO 2024-11-19 12:15:38,802 autoreload Watching for file changes with StatReloader
INFO 2024-11-19 12:15:41,223 autoreload /home/daniyal/Documents/Projects/Django/django 2/django2/miniproject2/users/views.py changed, reloading.
INFO 2024-11-19 12:15:41,773 autoreload Watching for file changes with StatReloader
INFO 2024-11-19 12:15:49,880 views New user registered: testuser (ID: 1)
WARNING 2024-11-19 12:15:50,494 log Not Found: /users/2/role/
WARNING 2024-11-19 12:15:51,198 log Not Found: /users/2/role/
WARNING 2024-11-19 12:15:51,502 log Not Found: /users/1/role/
WARNING 2024-11-19 12:15:51,825 log Not Found: /users/1/role/
INFO 2024-11-19 12:16:28,605 basehttp "GET /admin/ HTTP/1.1" 200 14689
INFO 2024-11-19 12:16:28,630 basehttp "GET /static/admin/css/base.css HTTP/1.1" 304 0
INFO 2024-11-19 12:16:28,640 basehttp "GET /static/admin/js/theme.js HTTP/1.1" 304 0
INFO 2024-11-19 12:16:28,641 basehttp "GET /static/admin/css/dashboard.css HTTP/1.1" 304 0
INFO 2024-11-19 12:16:28,641 basehttp "GET /static/admin/css/nav_sidebar.css HTTP/1.1" 304 0
INFO 2024-11-19 12:16:28,641 basehttp "GET /static/admin/css/dark_mode.css HTTP/1.1" 304 0
INFO 2024-11-19 12:16:28,642 basehttp "GET /static/admin/css/responsive.css HTTP/1.1" 304 0
INFO 2024-11-19 12:16:28,653 basehttp "GET /static/admin/js/nav_sidebar.js HTTP/1.1" 304 0
INFO 2024-11-19 12:16:28,684 basehttp "GET /static/admin/img/icon-changelink.svg HTTP/1.1" 304 0
INFO 2024-11-19 12:16:28,684 basehttp "GET /static/admin/img/icon-addlink.svg HTTP/1.1" 304 0
INFO 2024-11-19 12:16:32,518 basehttp "GET /admin/users/user/ HTTP/1.1" 200 15297
INFO 2024-11-19 12:16:32,544 basehttp "GET /static/admin/css/changelists.css HTTP/1.1" 304 0
INFO 2024-11-19 12:16:32,554 basehttp "GET /static/admin/js/vendor/jquery/jquery.js HTTP/1.1" 304 0
INFO 2024-11-19 12:16:32,555 basehttp "GET /static/admin/js/jquery.init.js HTTP/1.1" 304 0
INFO 2024-11-19 12:16:32,557 basehttp "GET /static/admin/js/core.js HTTP/1.1" 304 0
INFO 2024-11-19 12:16:32,558 basehttp "GET /static/admin/js/admin/RelatedObjectLookups.js HTTP/1.1" 304 0
INFO 2024-11-19 12:16:32,558 basehttp "GET /static/admin/js/actions.js HTTP/1.1" 304 0
INFO 2024-11-19 12:16:32,560 basehttp "GET /admin/jsi18n/ HTTP/1.1" 200 3342
INFO 2024-11-19 12:16:32,568 basehttp "GET /static/admin/js/prepopulate.js HTTP/1.1" 304 0
INFO 2024-11-19 12:16:32,568 basehttp "GET /static/admin/js/urlify.js HTTP/1.1" 304 0
INFO 2024-11-19 12:16:32,570 basehttp "GET /static/admin/js/vendor/xregexp/xregexp.js HTTP/1.1" 304 0
INFO 2024-11-19 12:16:32,617 basehttp "GET /static/admin/js/filters.js HTTP/1.1" 304 0
INFO 2024-11-19 12:16:32,659 basehttp "GET /static/admin/img/tooltag-add.svg HTTP/1.1" 304 0
INFO 2024-11-19 12:16:34,444 basehttp "GET /admin/users/user/2/change/ HTTP/1.1" 200 31256
INFO 2024-11-19 12:16:34,470 basehttp "GET /static/admin/css/forms.css HTTP/1.1" 304 0
INFO 2024-11-19 12:16:34,470 basehttp "GET /static/admin/js/calendar.js HTTP/1.1" 304 0
INFO 2024-11-19 12:16:34,471 basehttp "GET /static/admin/js/admin/DateTimeShortcuts.js HTTP/1.1" 304 0
INFO 2024-11-19 12:16:34,475 basehttp "GET /admin/jsi18n/ HTTP/1.1" 200 3342
INFO 2024-11-19 12:16:34,478 basehttp "GET /static/admin/js/prepopulate_init.js HTTP/1.1" 304 0
INFO 2024-11-19 12:16:34,480 basehttp "GET /static/admin/css/widgets.css HTTP/1.1" 304 0
INFO 2024-11-19 12:16:34,523 basehttp "GET /static/admin/js/change_form.js HTTP/1.1" 304 0
INFO 2024-11-19 12:16:34,580 basehttp "GET /static/admin/img/icon-calendar.svg HTTP/1.1" 304 0
INFO 2024-11-19 12:16:34,580 basehttp "GET /static/admin/img/icon-clock.svg HTTP/1.1" 304 0
WARNING 2024-11-19 12:16:48,595 log Unauthorized: /users2/role/
WARNING 2024-11-19 12:16:48,596 basehttp "PATCH /users2/role/ HTTP/1.1" 401 58
INFO 2024-11-19 12:17:29,293 views New user registered: testuser (ID: 1)
INFO 2024-11-19 12:17:29,902 views User role updated: testuser (ID: 2) - student → teacher
WARNING 2024-11-19 12:17:30,516 log Not Found: /users/2/role/
WARNING 2024-11-19 12:17:30,908 log Not Found: /users/1/role/
WARNING 2024-11-19 12:17:31,211 log Not Found: /users/1/role/
INFO 2024-11-19 12:17:53,001 views New user registered: testuser (ID: 1)
INFO 2024-11-19 12:17:53,609 views User role updated: testuser (ID: 2) - student → teacher
WARNING 2024-11-19 12:17:54,213 log Forbidden: /users2/role/
INFO 2024-11-19 12:17:54,515 views User role updated: admin (ID: 1) - admin → teacher
WARNING 2024-11-19 12:17:54,822 log Forbidden: /users1/role/
WARNING 2024-11-19 12:28:34,861 log Bad Request: /courses/
WARNING 2024-11-19 12:28:35,245 log Forbidden: /courses/
WARNING 2024-11-19 12:28:35,541 log Bad Request: /courses/
WARNING 2024-11-19 12:28:35,840 log Bad Request: /courses/
INFO 2024-11-19 12:28:36,138 views Cache miss for courses list
INFO 2024-11-19 12:31:44,500 views Cache miss for courses list
INFO 2024-11-19 12:31:44,806 views Cache miss for courses list
WARNING 2024-11-19 12:31:45,122 log Bad Request: /courses/
WARNING 2024-11-19 12:31:45,514 log Forbidden: /courses/
WARNING 2024-11-19 12:31:46,140 log Bad Request: /courses/1/
INFO 2024-11-19 12:31:46,450 views Cache invalidated after updating a course
INFO 2024-11-19 12:31:46,757 views Cache invalidated after deleting a course
INFO 2024-11-19 12:31:47,063 views Cache miss for courses list
WARNING 2024-11-19 12:31:47,677 log Bad Request: /courses/
INFO 2024-11-19 12:34:34,284 views Cache miss for courses list
INFO 2024-11-19 12:34:34,590 views Cache miss for courses list
INFO 2024-11-19 12:34:35,201 views Cache invalidated after creating a course
WARNING 2024-11-19 12:34:35,507 log Forbidden: /courses/
WARNING 2024-11-19 12:34:36,115 log Bad Request: /courses/1/
INFO 2024-11-19 12:34:36,510 views Cache invalidated after updating a course
INFO 2024-11-19 12:34:36,816 views Cache invalidated after deleting a course
INFO 2024-11-19 12:34:37,119 views Cache miss for courses list
WARNING 2024-11-19 12:34:37,730 log Bad Request: /courses/
INFO 2024-11-19 12:36:51,137 views Cache miss for courses list
INFO 2024-11-19 12:36:51,443 views Cache miss for courses list
INFO 2024-11-19 12:36:52,054 views Cache invalidated after creating a course
WARNING 2024-11-19 12:36:52,357 log Forbidden: /courses/
INFO 2024-11-19 12:36:53,293 views Cache invalidated after updating a course
INFO 2024-11-19 12:36:53,639 views Cache invalidated after updating a course
INFO 2024-11-19 12:36:53,959 views Cache invalidated after deleting a course
INFO 2024-11-19 12:36:54,295 views Cache miss for courses list
WARNING 2024-11-19 12:36:55,067 log Bad Request: /courses/
INFO 2024-11-19 12:38:14,493 views Cache miss for courses list
INFO 2024-11-19 12:38:14,804 views Cache miss for courses list
INFO 2024-11-19 12:38:15,416 views Cache invalidated after creating a course
WARNING 2024-11-19 12:38:15,721 log Forbidden: /courses/
INFO 2024-11-19 12:38:16,663 views Cache invalidated after updating a course
INFO 2024-11-19 12:38:16,971 views Cache invalidated after updating a course
INFO 2024-11-19 12:38:17,279 views Cache invalidated after deleting a course
INFO 2024-11-19 12:38:17,894 views Cache miss for courses list
INFO 2024-11-19 12:38:18,594 views Cache invalidated after creating a course
WARNING 2024-11-19 12:38:18,595 log Forbidden: /courses/
INFO 2024-11-19 12:40:49,514 views Cache miss for courses list
INFO 2024-11-19 12:40:49,820 views Cache miss for courses list
INFO 2024-11-19 12:40:50,429 views Cache invalidated after creating a course
WARNING 2024-11-19 12:40:50,732 log Forbidden: /courses/
INFO 2024-11-19 12:40:51,640 views Cache invalidated after updating a course
INFO 2024-11-19 12:40:51,945 views Cache invalidated after updating a course
INFO 2024-11-19 12:40:52,249 views Cache invalidated after deleting a course
WARNING 2024-11-19 12:40:52,548 log Bad Request: /courses/
INFO 2024-11-19 12:40:53,232 views Cache invalidated after creating a course
WARNING 2024-11-19 12:40:53,233 log Forbidden: /courses/
INFO 2024-11-19 12:41:50,463 views Cache miss for courses list
INFO 2024-11-19 12:41:50,772 views Cache miss for courses list
INFO 2024-11-19 12:41:51,393 views Cache invalidated after creating a course
WARNING 2024-11-19 12:41:51,704 log Forbidden: /courses/
INFO 2024-11-19 12:41:52,612 views Cache invalidated after updating a course
INFO 2024-11-19 12:41:52,913 views Cache invalidated after updating a course
INFO 2024-11-19 12:41:53,219 views Cache invalidated after deleting a course
INFO 2024-11-19 12:41:53,815 views Cache invalidated after creating a course
INFO 2024-11-19 12:41:53,816 views Cache miss for courses list
INFO 2024-11-19 12:41:53,819 views Cache hit for courses list
WARNING 2024-11-19 12:41:53,821 log Bad Request: /courses/1/
INFO 2024-11-19 12:41:54,509 views Cache invalidated after creating a course
WARNING 2024-11-19 12:41:54,510 log Forbidden: /courses/
INFO 2024-11-19 12:42:23,624 views Cache miss for courses list
INFO 2024-11-19 12:42:23,931 views Cache miss for courses list
INFO 2024-11-19 12:42:24,536 views Cache invalidated after creating a course
WARNING 2024-11-19 12:42:24,841 log Forbidden: /courses/
INFO 2024-11-19 12:42:25,752 views Cache invalidated after updating a course
INFO 2024-11-19 12:42:26,054 views Cache invalidated after updating a course
INFO 2024-11-19 12:42:26,358 views Cache invalidated after deleting a course
INFO 2024-11-19 12:42:26,959 views Cache invalidated after creating a course
INFO 2024-11-19 12:42:26,960 views Cache miss for courses list
INFO 2024-11-19 12:42:26,962 views Cache hit for courses list
INFO 2024-11-19 12:42:26,965 views Cache invalidated after updating a course
INFO 2024-11-19 12:42:26,967 views Cache miss for courses list
INFO 2024-11-19 12:42:27,572 views Cache invalidated after creating a course
WARNING 2024-11-19 12:42:27,573 log Forbidden: /courses/
INFO 2024-11-19 13:15:36,823 autoreload /home/daniyal/Documents/Projects/Django/django 2/django2/miniproject2/miniproject2/settings.py changed, reloading.
INFO 2024-11-19 13:15:37,439 autoreload Watching for file changes with StatReloader
INFO 2024-11-19 13:17:06,523 autoreload /home/daniyal/Documents/Projects/Django/django 2/django2/miniproject2/miniproject2/settings.py changed, reloading.
INFO 2024-11-19 13:17:07,110 autoreload Watching for file changes with StatReloader
INFO 2024-11-19 13:34:02,049 autoreload /home/daniyal/Documents/Projects/Django/django 2/django2/miniproject2/miniproject2/settings.py changed, reloading.
INFO 2024-11-19 13:34:02,642 autoreload Watching for file changes with StatReloader
INFO 2024-11-19 13:35:24,266 basehttp "GET /admin/django_celery_beat/solarschedule/ HTTP/1.1" 200 13881
INFO 2024-11-19 13:35:24,302 basehttp "GET /admin/jsi18n/ HTTP/1.1" 200 3342
INFO 2024-11-19 13:35:25,643 basehttp "GET /admin/django_celery_beat/crontabschedule/ HTTP/1.1" 200 13865
INFO 2024-11-19 13:35:25,664 basehttp "GET /admin/jsi18n/ HTTP/1.1" 200 3342
INFO 2024-11-19 13:35:27,056 basehttp "GET /admin/django_celery_beat/intervalschedule/ HTTP/1.1" 200 13872
INFO 2024-11-19 13:35:27,090 basehttp "GET /admin/jsi18n/ HTTP/1.1" 200 3342
INFO 2024-11-19 13:35:28,326 basehttp "GET /admin/token_blacklist/blacklistedtoken/ HTTP/1.1" 200 16679
INFO 2024-11-19 13:35:28,360 basehttp "GET /admin/jsi18n/ HTTP/1.1" 200 3342
INFO 2024-11-19 13:35:28,363 basehttp "GET /static/admin/img/search.svg HTTP/1.1" 200 458
INFO 2024-11-19 13:35:28,432 basehttp "GET /static/admin/img/sorting-icons.svg HTTP/1.1" 200 1097
INFO 2024-11-19 13:35:30,659 basehttp "GET /admin/token_blacklist/outstandingtoken/ HTTP/1.1" 200 15269
INFO 2024-11-19 13:35:32,639 basehttp "GET /admin/users/user/ HTTP/1.1" 200 15297
INFO 2024-11-19 13:35:32,672 basehttp "GET /admin/jsi18n/ HTTP/1.1" 200 3342
INFO 2024-11-19 13:35:49,588 autoreload /home/daniyal/Documents/Projects/Django/django 2/django2/miniproject2/students/admin.py changed, reloading.
INFO 2024-11-19 13:35:50,161 autoreload Watching for file changes with StatReloader
INFO 2024-11-19 13:36:01,624 autoreload /home/daniyal/Documents/Projects/Django/django 2/django2/miniproject2/students/admin.py changed, reloading.
INFO 2024-11-19 13:36:02,136 autoreload Watching for file changes with StatReloader
INFO 2024-11-19 13:36:04,449 autoreload /home/daniyal/Documents/Projects/Django/django 2/django2/miniproject2/students/admin.py changed, reloading.
INFO 2024-11-19 13:36:04,972 autoreload Watching for file changes with StatReloader
INFO 2024-11-19 13:36:06,287 autoreload /home/daniyal/Documents/Projects/Django/django 2/django2/miniproject2/students/admin.py changed, reloading.
INFO 2024-11-19 13:36:06,834 autoreload Watching for file changes with StatReloader
INFO 2024-11-19 13:36:09,150 autoreload /home/daniyal/Documents/Projects/Django/django 2/django2/miniproject2/students/admin.py changed, reloading.
INFO 2024-11-19 13:36:09,689 autoreload Watching for file changes with StatReloader
INFO 2024-11-19 13:36:23,344 autoreload Watching for file changes with StatReloader
INFO 2024-11-19 13:36:24,444 basehttp "GET /admin/users/user/ HTTP/1.1" 200 15965
INFO 2024-11-19 13:36:24,470 basehttp "GET /admin/jsi18n/ HTTP/1.1" 200 3342
INFO 2024-11-19 13:36:26,777 basehttp "GET /admin/students/student/ HTTP/1.1" 200 14481
INFO 2024-11-19 13:36:26,811 basehttp "GET /admin/jsi18n/ HTTP/1.1" 200 3342
INFO 2024-11-19 13:36:28,320 basehttp "GET /admin/students/student/add/ HTTP/1.1" 200 17077
INFO 2024-11-19 13:36:28,344 basehttp "GET /admin/jsi18n/ HTTP/1.1" 200 3342
INFO 2024-11-19 13:36:28,356 basehttp "GET /static/admin/img/icon-viewlink.svg HTTP/1.1" 200 581
INFO 2024-11-19 13:36:34,717 basehttp "POST /admin/students/student/add/ HTTP/1.1" 302 0
INFO 2024-11-19 13:36:34,746 basehttp "GET /admin/students/student/ HTTP/1.1" 200 15999
INFO 2024-11-19 13:36:34,821 basehttp "GET /admin/jsi18n/ HTTP/1.1" 200 3342
INFO 2024-11-19 13:36:34,879 basehttp "GET /static/admin/img/icon-yes.svg HTTP/1.1" 200 436
INFO 2024-11-19 13:36:58,668 basehttp "GET /admin/attendance/attendance/ HTTP/1.1" 200 14510
INFO 2024-11-19 13:36:58,702 basehttp "GET /admin/jsi18n/ HTTP/1.1" 200 3342
INFO 2024-11-19 13:36:59,584 basehttp "GET /admin/attendance/attendance/add/ HTTP/1.1" 200 19533
INFO 2024-11-19 13:36:59,616 basehttp "GET /admin/jsi18n/ HTTP/1.1" 200 3342
INFO 2024-11-19 13:37:09,460 basehttp "GET /admin/courses/course/add/ HTTP/1.1" 200 17544
INFO 2024-11-19 13:37:09,480 basehttp "GET /admin/jsi18n/ HTTP/1.1" 200 3342
INFO 2024-11-19 13:37:20,021 basehttp "GET /admin/users/user/ HTTP/1.1" 200 15965
INFO 2024-11-19 13:37:20,057 basehttp "GET /admin/jsi18n/ HTTP/1.1" 200 3342
INFO 2024-11-19 13:37:21,886 basehttp "GET /admin/users/user/add/ HTTP/1.1" 200 31595
INFO 2024-11-19 13:37:21,906 basehttp "GET /admin/jsi18n/ HTTP/1.1" 200 3342
INFO 2024-11-19 13:37:29,071 basehttp "GET /static/admin/img/calendar-icons.svg HTTP/1.1" 200 2455
INFO 2024-11-19 13:37:43,814 basehttp "POST /admin/users/user/add/ HTTP/1.1" 302 0
INFO 2024-11-19 13:37:43,840 basehttp "GET /admin/users/user/ HTTP/1.1" 200 16419
INFO 2024-11-19 13:37:43,904 basehttp "GET /admin/jsi18n/ HTTP/1.1" 200 3342
INFO 2024-11-19 13:37:50,843 basehttp "GET /admin/courses/course/ HTTP/1.1" 200 14470
INFO 2024-11-19 13:37:50,874 basehttp "GET /admin/jsi18n/ HTTP/1.1" 200 3342
INFO 2024-11-19 13:37:52,318 basehttp "GET /admin/courses/course/add/ HTTP/1.1" 200 17582
INFO 2024-11-19 13:37:52,350 basehttp "GET /admin/jsi18n/ HTTP/1.1" 200 3342
INFO 2024-11-19 13:38:00,309 basehttp "POST /admin/courses/course/add/ HTTP/1.1" 302 0
INFO 2024-11-19 13:38:00,334 basehttp "GET /admin/courses/course/ HTTP/1.1" 200 15978
INFO 2024-11-19 13:38:00,404 basehttp "GET /admin/jsi18n/ HTTP/1.1" 200 3342
INFO 2024-11-19 13:38:02,630 basehttp "GET /admin/courses/enrollment/ HTTP/1.1" 200 14498
INFO 2024-11-19 13:38:02,661 basehttp "GET /admin/jsi18n/ HTTP/1.1" 200 3342
INFO 2024-11-19 13:38:03,961 basehttp "GET /admin/courses/enrollment/add/ HTTP/1.1" 200 18084
INFO 2024-11-19 13:38:03,993 basehttp "GET /admin/jsi18n/ HTTP/1.1" 200 3342
INFO 2024-11-19 13:38:07,092 basehttp "POST /admin/courses/enrollment/add/ HTTP/1.1" 302 0
INFO 2024-11-19 13:38:07,118 basehttp "GET /admin/courses/enrollment/ HTTP/1.1" 200 16038
INFO 2024-11-19 13:38:07,192 basehttp "GET /admin/jsi18n/ HTTP/1.1" 200 3342
INFO 2024-11-19 13:38:10,296 basehttp "GET /admin/attendance/attendance/ HTTP/1.1" 200 14510
INFO 2024-11-19 13:38:10,327 basehttp "GET /admin/jsi18n/ HTTP/1.1" 200 3342
INFO 2024-11-19 13:38:11,680 basehttp "GET /admin/attendance/attendance/add/ HTTP/1.1" 200 19581
INFO 2024-11-19 13:38:11,716 basehttp "GET /admin/jsi18n/ HTTP/1.1" 200 3342
INFO 2024-11-19 13:38:19,071 basehttp "POST /admin/attendance/attendance/add/ HTTP/1.1" 200 19763
INFO 2024-11-19 13:38:19,105 basehttp "GET /admin/jsi18n/ HTTP/1.1" 200 3342
INFO 2024-11-19 13:38:22,934 basehttp "POST /admin/attendance/attendance/add/ HTTP/1.1" 302 0
INFO 2024-11-19 13:38:22,961 basehttp "GET /admin/attendance/attendance/ HTTP/1.1" 200 16056
INFO 2024-11-19 13:38:23,034 basehttp "GET /admin/jsi18n/ HTTP/1.1" 200 3342
INFO 2024-11-19 13:38:26,939 basehttp "GET /admin/students/student/ HTTP/1.1" 200 15785
INFO 2024-11-19 13:38:26,969 basehttp "GET /admin/jsi18n/ HTTP/1.1" 200 3342
WARNING 2024-11-19 13:38:43,478 log Not Found: /login
WARNING 2024-11-19 13:38:43,478 basehttp "GET /login HTTP/1.1" 404 3440
WARNING 2024-11-19 13:38:50,686 log Not Found: /auth/login
WARNING 2024-11-19 13:38:50,687 basehttp "GET /auth/login HTTP/1.1" 404 11143
INFO 2024-11-19 13:38:59,827 basehttp "GET /auth/users/login HTTP/1.1" 301 0
WARNING 2024-11-19 13:38:59,844 log Unauthorized: /auth/users/login/
WARNING 2024-11-19 13:38:59,844 basehttp "GET /auth/users/login/ HTTP/1.1" 401 5327
INFO 2024-11-19 13:38:59,870 basehttp "GET /static/rest_framework/css/bootstrap.min.css HTTP/1.1" 304 0
INFO 2024-11-19 13:38:59,880 basehttp "GET /static/rest_framework/css/bootstrap-tweaks.css HTTP/1.1" 304 0
INFO 2024-11-19 13:38:59,880 basehttp "GET /static/rest_framework/css/prettify.css HTTP/1.1" 304 0
INFO 2024-11-19 13:38:59,880 basehttp "GET /static/rest_framework/css/default.css HTTP/1.1" 304 0
INFO 2024-11-19 13:38:59,881 basehttp "GET /static/rest_framework/js/jquery-3.7.1.min.js HTTP/1.1" 304 0
INFO 2024-11-19 13:38:59,881 basehttp "GET /static/rest_framework/js/ajax-form.js HTTP/1.1" 304 0
INFO 2024-11-19 13:38:59,882 basehttp "GET /static/rest_framework/js/csrf.js HTTP/1.1" 304 0
INFO 2024-11-19 13:38:59,892 basehttp "GET /static/rest_framework/js/load-ajax-form.js HTTP/1.1" 304 0
INFO 2024-11-19 13:38:59,892 basehttp "GET /static/rest_framework/js/bootstrap.min.js HTTP/1.1" 304 0
INFO 2024-11-19 13:38:59,893 basehttp "GET /static/rest_framework/js/prettify-min.js HTTP/1.1" 304 0
INFO 2024-11-19 13:38:59,893 basehttp "GET /static/rest_framework/js/default.js HTTP/1.1" 304 0
INFO 2024-11-19 13:38:59,944 basehttp "GET /static/rest_framework/img/grid.png HTTP/1.1" 304 0
WARNING 2024-11-19 13:39:04,141 log Unauthorized: /auth/users/login/
WARNING 2024-11-19 13:39:04,142 basehttp "GET /auth/users/login/ HTTP/1.1" 401 5327
WARNING 2024-11-19 13:39:08,742 log Unauthorized: /auth/users/
WARNING 2024-11-19 13:39:08,743 basehttp "GET /auth/users/ HTTP/1.1" 401 9304
INFO 2024-11-19 13:39:21,660 basehttp "GET /admin/users/user/ HTTP/1.1" 200 16225
INFO 2024-11-19 13:39:21,688 basehttp "GET /admin/jsi18n/ HTTP/1.1" 200 3342
INFO 2024-11-19 13:39:23,287 basehttp "GET /admin/users/user/2/change/ HTTP/1.1" 200 31924
INFO 2024-11-19 13:39:23,319 basehttp "GET /admin/jsi18n/ HTTP/1.1" 200 3342
INFO 2024-11-19 13:39:32,247 basehttp "POST /admin/users/user/2/change/ HTTP/1.1" 200 32023
INFO 2024-11-19 13:39:32,282 basehttp "GET /admin/jsi18n/ HTTP/1.1" 200 3342
INFO 2024-11-19 13:39:37,824 basehttp "POST /admin/users/user/2/change/ HTTP/1.1" 302 0
INFO 2024-11-19 13:39:37,839 basehttp "GET /admin/users/user/ HTTP/1.1" 200 16418
INFO 2024-11-19 13:39:37,915 basehttp "GET /admin/jsi18n/ HTTP/1.1" 200 3342
WARNING 2024-11-19 13:39:43,914 log Bad Request: /auth/users/
WARNING 2024-11-19 13:39:43,914 basehttp "POST /auth/users/ HTTP/1.1" 400 10976
INFO 2024-11-19 13:39:49,696 basehttp "GET /admin/users/user/3/change/ HTTP/1.1" 200 31869
INFO 2024-11-19 13:39:49,727 basehttp "GET /admin/jsi18n/ HTTP/1.1" 200 3342
INFO 2024-11-19 13:39:59,262 basehttp "GET /admin/users/user/ HTTP/1.1" 200 16225
INFO 2024-11-19 13:39:59,293 basehttp "GET /admin/jsi18n/ HTTP/1.1" 200 3342
WARNING 2024-11-19 13:40:08,566 log Bad Request: /auth/users/
WARNING 2024-11-19 13:40:08,566 basehttp "POST /auth/users/ HTTP/1.1" 400 10930
WARNING 2024-11-19 13:42:15,493 log Not Found: /api/v1/users/activation/
WARNING 2024-11-19 13:42:15,494 basehttp "GET /api/v1/users/activation/ HTTP/1.1" 404 3497
WARNING 2024-11-19 13:42:22,021 log Not Found: /auth/v1/users/activation/
WARNING 2024-11-19 13:42:22,021 basehttp "GET /auth/v1/users/activation/ HTTP/1.1" 404 11188
WARNING 2024-11-19 13:42:25,596 log Unauthorized: /auth/users/activation/
WARNING 2024-11-19 13:42:25,597 basehttp "GET /auth/users/activation/ HTTP/1.1" 401 7736
WARNING 2024-11-19 13:42:36,608 log Unauthorized: /auth/users/register/
WARNING 2024-11-19 13:42:36,609 basehttp "GET /auth/users/register/ HTTP/1.1" 401 5342
WARNING 2024-11-19 13:42:50,913 log Unauthorized: /auth/users/register/
WARNING 2024-11-19 13:42:50,913 basehttp "GET /auth/users/register/?format=json HTTP/1.1" 401 58
WARNING 2024-11-19 13:42:53,202 log Unauthorized: /auth/users/register/
WARNING 2024-11-19 13:42:53,202 basehttp "GET /auth/users/register/ HTTP/1.1" 401 5342
WARNING 2024-11-19 13:42:57,196 log Unauthorized: /auth/users/
WARNING 2024-11-19 13:42:57,197 basehttp "GET /auth/users/ HTTP/1.1" 401 9304
WARNING 2024-11-19 13:42:58,146 log Unauthorized: /auth/
WARNING 2024-11-19 13:42:58,147 basehttp "GET /auth/ HTTP/1.1" 401 5014
WARNING 2024-11-19 13:42:58,391 log Unauthorized: /auth/
WARNING 2024-11-19 13:42:58,392 basehttp "GET /auth/ HTTP/1.1" 401 5014
WARNING 2024-11-19 13:43:25,064 log Bad Request: /auth/users/
WARNING 2024-11-19 13:43:25,065 basehttp "POST /auth/users/ HTTP/1.1" 400 83
INFO 2024-11-19 13:43:40,639 basehttp "POST /auth/users/ HTTP/1.1" 201 65
INFO 2024-11-19 13:44:29,520 basehttp "GET /admin/users/user/ HTTP/1.1" 200 16503
INFO 2024-11-19 13:44:29,538 basehttp "GET /admin/jsi18n/ HTTP/1.1" 200 3342
INFO 2024-11-19 13:45:05,190 basehttp "GET /admin/users/user/4/change/ HTTP/1.1" 200 31975
INFO 2024-11-19 13:45:05,221 basehttp "GET /admin/jsi18n/ HTTP/1.1" 200 3342
INFO 2024-11-19 13:45:36,149 basehttp "POST /auth/jwt/create/ HTTP/1.1" 200 483
INFO 2024-11-19 13:46:29,350 autoreload /home/daniyal/Documents/Projects/Django/django 2/django2/miniproject2/miniproject2/urls.py changed, reloading.
INFO 2024-11-19 13:46:29,932 autoreload Watching for file changes with StatReloader
INFO 2024-11-19 13:46:33,558 autoreload /home/daniyal/Documents/Projects/Django/django 2/django2/miniproject2/miniproject2/urls.py changed, reloading.
INFO 2024-11-19 13:46:34,113 autoreload Watching for file changes with StatReloader
INFO 2024-11-19 13:46:36,711 autoreload /home/daniyal/Documents/Projects/Django/django 2/django2/miniproject2/miniproject2/urls.py changed, reloading.
INFO 2024-11-19 13:46:37,280 autoreload Watching for file changes with StatReloader
INFO 2024-11-19 13:46:45,476 autoreload Watching for file changes with StatReloader
INFO 2024-11-19 13:48:56,486 autoreload /home/daniyal/Documents/Projects/Django/django 2/django2/miniproject2/attendance/serializers.py changed, reloading.
INFO 2024-11-19 13:48:57,043 autoreload Watching for file changes with StatReloader
INFO 2024-11-19 13:49:00,666 autoreload /home/daniyal/Documents/Projects/Django/django 2/django2/miniproject2/attendance/serializers.py changed, reloading.
INFO 2024-11-19 13:49:01,241 autoreload Watching for file changes with StatReloader
INFO 2024-11-19 13:49:05,800 autoreload Watching for file changes with StatReloader
INFO 2024-11-19 13:54:28,705 basehttp "GET /admin/users/user/4/change/ HTTP/1.1" 200 31975
INFO 2024-11-19 13:54:28,730 basehttp "GET /admin/jsi18n/ HTTP/1.1" 200 3342
INFO 2024-11-19 13:54:33,380 basehttp "POST /admin/users/user/4/change/ HTTP/1.1" 302 0
INFO 2024-11-19 13:54:33,399 basehttp "GET /admin/users/user/ HTTP/1.1" 200 16708
INFO 2024-11-19 13:54:33,472 basehttp "GET /admin/jsi18n/ HTTP/1.1" 200 3342
INFO 2024-11-19 13:54:36,280 basehttp "GET /admin/students/student/ HTTP/1.1" 200 15785
INFO 2024-11-19 13:54:36,303 basehttp "GET /admin/jsi18n/ HTTP/1.1" 200 3342
INFO 2024-11-19 13:54:38,397 basehttp "GET /admin/students/student/ HTTP/1.1" 200 15785
INFO 2024-11-19 13:54:38,425 basehttp "GET /admin/jsi18n/ HTTP/1.1" 200 3342
INFO 2024-11-19 13:54:39,733 basehttp "GET /admin/students/student/1/change/ HTTP/1.1" 200 17426
INFO 2024-11-19 13:54:39,753 basehttp "GET /admin/jsi18n/ HTTP/1.1" 200 3342
INFO 2024-11-19 13:57:27,376 autoreload /home/daniyal/Documents/Projects/Django/django 2/django2/miniproject2/students/models.py changed, reloading.
INFO 2024-11-19 13:57:28,018 autoreload Watching for file changes with StatReloader
INFO 2024-11-19 15:34:57,886 views Cache miss for courses list
INFO 2024-11-19 15:34:58,194 views Cache miss for courses list
INFO 2024-11-19 15:34:58,800 views Cache invalidated after creating a course
WARNING 2024-11-19 15:34:59,108 log Forbidden: /courses/
INFO 2024-11-19 15:35:00,018 views Cache invalidated after updating a course
INFO 2024-11-19 15:35:00,320 views Cache invalidated after updating a course
INFO 2024-11-19 15:35:00,648 views Cache invalidated after deleting a course
INFO 2024-11-19 15:35:01,252 views Cache invalidated after creating a course
INFO 2024-11-19 15:35:01,254 views Cache miss for courses list
INFO 2024-11-19 15:35:01,256 views Cache hit for courses list
INFO 2024-11-19 15:35:01,259 views Cache invalidated after updating a course
INFO 2024-11-19 15:35:01,261 views Cache miss for courses list
INFO 2024-11-19 15:35:01,866 views Cache invalidated after creating a course
WARNING 2024-11-19 15:35:01,867 log Forbidden: /courses/
INFO 2024-11-19 15:35:03,113 views New user registered: testuser (ID: 1)
INFO 2024-11-19 15:35:03,718 views User role updated: testuser (ID: 2) - student → teacher
WARNING 2024-11-19 15:35:04,321 log Forbidden: /users2/role/
INFO 2024-11-19 15:35:04,625 views User role updated: admin (ID: 1) - admin → teacher
WARNING 2024-11-19 15:35:04,925 log Forbidden: /users1/role/
INFO 2024-11-19 15:43:01,402 views Cache miss for courses list
INFO 2024-11-19 15:43:01,708 views Cache miss for courses list
INFO 2024-11-19 15:43:02,312 views Cache invalidated after creating a course
WARNING 2024-11-19 15:43:02,613 log Forbidden: /courses/
INFO 2024-11-19 15:43:03,514 views Cache invalidated after updating a course
INFO 2024-11-19 15:43:03,813 views Cache invalidated after updating a course
INFO 2024-11-19 15:43:04,115 views Cache invalidated after deleting a course
INFO 2024-11-19 15:43:04,716 views Cache invalidated after creating a course
INFO 2024-11-19 15:43:04,717 views Cache miss for courses list
INFO 2024-11-19 15:43:04,719 views Cache hit for courses list
INFO 2024-11-19 15:43:04,722 views Cache invalidated after updating a course
INFO 2024-11-19 15:43:04,723 views Cache miss for courses list
INFO 2024-11-19 15:43:05,322 views Cache invalidated after creating a course
WARNING 2024-11-19 15:43:05,323 log Forbidden: /courses/
INFO 2024-11-19 15:43:06,578 views New user registered: testuser (ID: 1)
INFO 2024-11-19 15:43:07,181 views User role updated: testuser (ID: 2) - student → teacher
WARNING 2024-11-19 15:43:07,777 log Forbidden: /users2/role/
INFO 2024-11-19 15:43:08,073 views User role updated: admin (ID: 1) - admin → teacher
WARNING 2024-11-19 15:43:08,375 log Forbidden: /users1/role/
INFO 2024-11-20 06:15:28,255 views New user registered: testuser (ID: 1)
INFO 2024-11-20 06:15:28,867 views User role updated: testuser (ID: 2) - student → teacher
WARNING 2024-11-20 06:15:29,475 log Forbidden: /users2/role/
INFO 2024-11-20 06:15:29,775 views User role updated: admin (ID: 1) - admin → teacher
WARNING 2024-11-20 06:15:30,075 log Forbidden: /users1/role/
WARNING 2024-11-20 06:15:30,391 log Not Found: /auth/token/login/
INFO 2024-11-20 06:16:42,501 autoreload Watching for file changes with StatReloader
WARNING 2024-11-20 06:16:45,714 log Not Found: /
WARNING 2024-11-20 06:16:45,715 basehttp "GET / HTTP/1.1" 404 3561
WARNING 2024-11-20 06:16:45,913 log Not Found: /favicon.ico
WARNING 2024-11-20 06:16:45,914 basehttp "GET /favicon.ico HTTP/1.1" 404 3612
INFO 2024-11-20 06:16:49,547 basehttp "GET /swagger/ HTTP/1.1" 200 2225
INFO 2024-11-20 06:16:49,679 basehttp "GET /static/drf-yasg/style.css HTTP/1.1" 304 0
INFO 2024-11-20 06:16:49,775 basehttp "GET /static/drf-yasg/immutable.min.js HTTP/1.1" 304 0
INFO 2024-11-20 06:16:49,776 basehttp "GET /static/drf-yasg/insQ.min.js HTTP/1.1" 304 0
INFO 2024-11-20 06:16:49,778 basehttp "GET /static/drf-yasg/swagger-ui-init.js HTTP/1.1" 304 0
INFO 2024-11-20 06:16:49,779 basehttp "GET /static/drf-yasg/swagger-ui-dist/swagger-ui.css HTTP/1.1" 200 145206
INFO 2024-11-20 06:16:49,781 basehttp "GET /static/drf-yasg/swagger-ui-dist/swagger-ui-standalone-preset.js HTTP/1.1" 200 322863
INFO 2024-11-20 06:16:49,785 basehttp "GET /static/drf-yasg/swagger-ui-dist/swagger-ui-bundle.js HTTP/1.1" 200 1046583
INFO 2024-11-20 06:16:49,995 views Fetching grades for user: AnonymousUser
INFO 2024-11-20 06:16:49,998 views Fetching grades for user: AnonymousUser
INFO 2024-11-20 06:16:50,001 views Fetching grades for user: AnonymousUser
INFO 2024-11-20 06:16:50,004 views Fetching grades for user: AnonymousUser
INFO 2024-11-20 06:16:50,046 views Fetching grades for user: AnonymousUser
INFO 2024-11-20 06:16:50,067 basehttp "GET /swagger/?format=openapi HTTP/1.1" 200 30472
INFO 2024-11-20 06:17:33,395 views New user registered: testuser (ID: 1)
INFO 2024-11-20 06:17:33,998 views User role updated: testuser (ID: 2) - student → teacher
WARNING 2024-11-20 06:17:34,595 log Forbidden: /users2/role/
INFO 2024-11-20 06:17:34,894 views User role updated: admin (ID: 1) - admin → teacher
WARNING 2024-11-20 06:17:35,195 log Forbidden: /users1/role/
INFO 2024-11-20 06:19:16,549 views New user registered: testuser (ID: 1)
INFO 2024-11-20 06:19:17,153 views User role updated: testuser (ID: 2) - student → teacher
WARNING 2024-11-20 06:19:17,757 log Forbidden: /users2/role/
INFO 2024-11-20 06:19:18,058 views User role updated: admin (ID: 1) - admin → teacher
WARNING 2024-11-20 06:19:18,357 log Forbidden: /users1/role/
INFO 2024-11-20 06:20:38,585 views New user registered: testuser (ID: 1)
INFO 2024-11-20 06:20:39,185 views User role updated: testuser (ID: 2) - student → teacher
WARNING 2024-11-20 06:20:39,786 log Forbidden: /users2/role/
INFO 2024-11-20 06:20:40,084 views User role updated: admin (ID: 1) - admin → teacher
WARNING 2024-11-20 06:20:40,383 log Forbidden: /users1/role/
INFO 2024-11-20 06:21:49,305 views New user registered: testuser (ID: 1)
INFO 2024-11-20 06:21:49,910 views User role updated: testuser (ID: 2) - student → teacher
WARNING 2024-11-20 06:21:50,510 log Forbidden: /users2/role/
INFO 2024-11-20 06:21:50,811 views User role updated: admin (ID: 1) - admin → teacher
WARNING 2024-11-20 06:21:51,112 log Forbidden: /users1/role/
INFO 2024-11-20 06:26:52,100 views New user registered: testuser (ID: 1)
INFO 2024-11-20 06:26:52,702 views User role updated: testuser (ID: 2) - student → teacher
WARNING 2024-11-20 06:26:53,306 log Forbidden: /users2/role/
INFO 2024-11-20 06:26:53,607 views User role updated: admin (ID: 1) - admin → teacher
WARNING 2024-11-20 06:26:53,912 log Forbidden: /users1/role/
INFO 2024-11-20 06:27:43,005 views New user registered: testuser (ID: 1)
INFO 2024-11-20 06:27:43,608 views User role updated: testuser (ID: 2) - student → teacher
WARNING 2024-11-20 06:27:44,203 log Forbidden: /users2/role/
INFO 2024-11-20 06:27:44,502 views User role updated: admin (ID: 1) - admin → teacher
WARNING 2024-11-20 06:27:44,801 log Forbidden: /users1/role/
INFO 2024-11-20 06:28:18,547 views New user registered: testuser (ID: 1)
INFO 2024-11-20 06:28:19,161 views User role updated: testuser (ID: 2) - student → teacher
WARNING 2024-11-20 06:28:19,777 log Forbidden: /users2/role/
INFO 2024-11-20 06:28:20,075 views User role updated: admin (ID: 1) - admin → teacher
WARNING 2024-11-20 06:28:20,383 log Forbidden: /users1/role/
